<?xml version="1.0" encoding="UTF-8"?>
<!-- Generated by org.testng.reporters.JUnitReportReporter -->
<testsuite skipped="0" hostname="USMECEAKMAN3" name="qaclickacademy.RestAPITest" tests="1" failures="0" timestamp="2022-02-08T14:06:17 EST" time="0.012" errors="0">
  <testcase name="postJira" time="0.012" classname="qaclickacademy.RestAPITest"/>
  <system-out/>
</testsuite> <!-- qaclickacademy.RestAPITest -->
