<?xml version="1.0" encoding="UTF-8"?>
<!-- Generated by org.testng.reporters.JUnitReportReporter -->
<testsuite hostname="USMECEAKMAN3" failures="0" tests="2" name="qaclickacademy.SeleniumTest" time="0.010" errors="0" timestamp="23 Feb 2022 17:13:09 GMT" skipped="0">
  <testcase classname="qaclickacademy.SeleniumTest" name="BrowserAUtomation" time="0.009"/>
  <testcase classname="qaclickacademy.SeleniumTest" name="elementsUi" time="0.001"/>
</testsuite> <!-- qaclickacademy.SeleniumTest -->
